#
# There is insufficient memory for the Java Runtime Environment to continue.
# Native memory allocation (mmap) failed to map 58720256 bytes for Failed to commit area from 0x00000000c9e00000 to 0x00000000cd600000 of length 58720256.
# Possible reasons:
#   The system is out of physical RAM or swap space
#   The process is running with CompressedOops enabled, and the Java Heap may be blocking the growth of the native heap
# Possible solutions:
#   Reduce memory load on the system
#   Increase physical memory or swap space
#   Check if swap backing store is full
#   Decrease Java heap size (-Xmx/-Xms)
#   Decrease number of Java threads
#   Decrease Java thread stack sizes (-Xss)
#   Set larger code cache with -XX:ReservedCodeCacheSize=
# This output file may be truncated or incomplete.
#
#  Out of Memory Error (./src/hotspot/os/windows/os_windows.cpp:3386), pid=12240, tid=11388
#
# JRE version:  (11.0.18+10) (build )
# Java VM: OpenJDK 64-Bit Server VM (11.0.18+10-LTS, mixed mode, sharing, tiered, compressed oops, g1 gc, windows-amd64)
# No core dump will be written. Minidumps are not enabled by default on client versions of Windows
#

---------------  S U M M A R Y ------------

Command Line: org.jetbrains.kotlin.cli.jvm.K2JVMCompiler @D:\1st Folder\Pemrograman\React\udbmart\node_modules\react-native-safe-area-context\android\build\20230415_14794409818549418369.compiler.options

Host: AMD Athlon Silver 3050U with Radeon Graphics   , 2 cores, 3G,  Windows 10 , 64 bit Build 19041 (10.0.19041.2788)
Time: Sat Apr 15 15:39:12 2023 SE Asia Standard Time elapsed time: 0.042353 seconds (0d 0h 0m 0s)

---------------  T H R E A D  ---------------

Current thread (0x00000265e66a3800):  JavaThread "Unknown thread" [_thread_in_vm, id=11388, stack(0x000000c8e3100000,0x000000c8e3200000)]

Stack: [0x000000c8e3100000,0x000000c8e3200000]
Native frames: (J=compiled Java code, j=interpreted, Vv=VM code, C=native code)
V  [jvm.dll+0x61e6da]
V  [jvm.dll+0x7a96a9]
V  [jvm.dll+0x7aae89]
V  [jvm.dll+0x7ab573]
V  [jvm.dll+0x24e558]
V  [jvm.dll+0x61b9ea]
V  [jvm.dll+0x60ffa5]
V  [jvm.dll+0x30811c]
V  [jvm.dll+0x307fa2]
V  [jvm.dll+0x30ccb6]
V  [jvm.dll+0x3530ef]
V  [jvm.dll+0x352b20]
V  [jvm.dll+0x2e5458]
V  [jvm.dll+0x2e65b6]
V  [jvm.dll+0x783957]
V  [jvm.dll+0x7850df]
V  [jvm.dll+0x35fcb9]
V  [jvm.dll+0x766680]
V  [jvm.dll+0x3cccbf]
V  [jvm.dll+0x3cf041]
C  [jli.dll+0x5207]
C  [ucrtbase.dll+0x21bb2]
C  [KERNEL32.DLL+0x17604]
C  [ntdll.dll+0x526a1]


---------------  P R O C E S S  ---------------

Threads class SMR info:
_java_thread_list=0x00000265e4533590, length=0, elements={
}

Java Threads: ( => current thread )

Other Threads:
  0x00000265e66bc800 GCTaskThread "GC Thread#0" [stack: 0x000000c8e3200000,0x000000c8e3300000] [id=7900]
  0x00000265e66d3000 ConcurrentGCThread "G1 Main Marker" [stack: 0x000000c8e3300000,0x000000c8e3400000] [id=816]
  0x00000265e66d4800 ConcurrentGCThread "G1 Conc#0" [stack: 0x000000c8e3400000,0x000000c8e3500000] [id=9104]

[error occurred during error reporting (printing all threads), id 0xc0000005, EXCEPTION_ACCESS_VIOLATION (0xc0000005) at pc=0x00007ff8d76e4bb7]

VM state:not at safepoint (not fully initialized)

VM Mutex/Monitor currently owned by a thread:  ([mutex/lock_event])
[0x00000265e66a1000] Heap_lock - owner thread: 0x00000265e66a3800

Heap address: 0x00000000c9e00000, size: 866 MB, Compressed Oops mode: Non-zero based: 0x00000000c9e00000
Narrow klass base: 0x0000000000000000, Narrow klass shift: 0

GC Heap History (0 events):
No events

Deoptimization events (0 events):
No events

Classes redefined (0 events):
No events

Internal exceptions (0 events):
No events

Events (1 events):
Event: 0.033 Loaded shared library C:\Program Files\BellSoft\LibericaJDK-11\bin\zip.dll


Dynamic libraries:
0x00007ff6f5030000 - 0x00007ff6f503d000 	C:\Program Files\BellSoft\LibericaJDK-11\bin\java.exe
0x00007ff91cb30000 - 0x00007ff91cd28000 	C:\WINDOWS\SYSTEM32\ntdll.dll
0x00007ff91b8a0000 - 0x00007ff91b95f000 	C:\WINDOWS\System32\KERNEL32.DLL
0x00007ff91a300000 - 0x00007ff91a5da000 	C:\WINDOWS\System32\KERNELBASE.dll
0x00007ff91a8a0000 - 0x00007ff91a9a0000 	C:\WINDOWS\System32\ucrtbase.dll
0x00007ff904a50000 - 0x00007ff904a67000 	C:\Program Files\BellSoft\LibericaJDK-11\bin\jli.dll
0x00007ff91bbb0000 - 0x00007ff91bd4d000 	C:\WINDOWS\System32\USER32.dll
0x00007ff91a5e0000 - 0x00007ff91a602000 	C:\WINDOWS\System32\win32u.dll
0x00007ff91c1c0000 - 0x00007ff91c1eb000 	C:\WINDOWS\System32\GDI32.dll
0x00007ff91a6e0000 - 0x00007ff91a7f0000 	C:\WINDOWS\System32\gdi32full.dll
0x00007ff91a610000 - 0x00007ff91a6ad000 	C:\WINDOWS\System32\msvcp_win.dll
0x00007ff904a30000 - 0x00007ff904a45000 	C:\Program Files\BellSoft\LibericaJDK-11\bin\VCRUNTIME140.dll
0x00007ff906fd0000 - 0x00007ff90726a000 	C:\WINDOWS\WinSxS\amd64_microsoft.windows.common-controls_6595b64144ccf1df_6.0.19041.1110_none_60b5254171f9507e\COMCTL32.dll
0x00007ff91b6b0000 - 0x00007ff91b74e000 	C:\WINDOWS\System32\msvcrt.dll
0x00007ff91b750000 - 0x00007ff91b780000 	C:\WINDOWS\System32\IMM32.DLL
0x00007ff8ffc50000 - 0x00007ff8ffceb000 	C:\Program Files\BellSoft\LibericaJDK-11\bin\msvcp140.dll
0x00007ff8d73f0000 - 0x00007ff8d7f72000 	C:\Program Files\BellSoft\LibericaJDK-11\bin\server\jvm.dll
0x00007ff91b780000 - 0x00007ff91b82e000 	C:\WINDOWS\System32\ADVAPI32.dll
0x00007ff91b350000 - 0x00007ff91b3ec000 	C:\WINDOWS\System32\sechost.dll
0x00007ff91ae60000 - 0x00007ff91af86000 	C:\WINDOWS\System32\RPCRT4.dll
0x00007ff91b6a0000 - 0x00007ff91b6a8000 	C:\WINDOWS\System32\PSAPI.DLL
0x00007ff9095c0000 - 0x00007ff9095c9000 	C:\WINDOWS\SYSTEM32\WSOCK32.dll
0x00007ff91b960000 - 0x00007ff91b9cb000 	C:\WINDOWS\System32\WS2_32.dll
0x00007ff912400000 - 0x00007ff91240a000 	C:\WINDOWS\SYSTEM32\VERSION.dll
0x00007ff90dd10000 - 0x00007ff90dd37000 	C:\WINDOWS\SYSTEM32\WINMM.dll
0x00007ff918a50000 - 0x00007ff918a62000 	C:\WINDOWS\SYSTEM32\kernel.appcore.dll
0x00007ff915160000 - 0x00007ff915170000 	C:\Program Files\BellSoft\LibericaJDK-11\bin\verify.dll
0x00007ff914570000 - 0x00007ff914754000 	C:\WINDOWS\SYSTEM32\DBGHELP.DLL
0x00007ff911cb0000 - 0x00007ff911ce4000 	C:\WINDOWS\SYSTEM32\dbgcore.DLL
0x00007ff91a9a0000 - 0x00007ff91aa22000 	C:\WINDOWS\System32\bcryptPrimitives.dll
0x00007ff901a40000 - 0x00007ff901a68000 	C:\Program Files\BellSoft\LibericaJDK-11\bin\java.dll
0x00007ff9150f0000 - 0x00007ff9150fa000 	C:\Program Files\BellSoft\LibericaJDK-11\bin\jimage.dll
0x00007ff904a10000 - 0x00007ff904a28000 	C:\Program Files\BellSoft\LibericaJDK-11\bin\zip.dll

dbghelp: loaded successfully - version: 4.0.5 - missing functions: none
symbol engine: initialized successfully - sym options: 0x614 - pdb path: .;C:\Program Files\BellSoft\LibericaJDK-11\bin;C:\WINDOWS\SYSTEM32;C:\WINDOWS\WinSxS\amd64_microsoft.windows.common-controls_6595b64144ccf1df_6.0.19041.1110_none_60b5254171f9507e;C:\Program Files\BellSoft\LibericaJDK-11\bin\server

VM Arguments:
java_command: org.jetbrains.kotlin.cli.jvm.K2JVMCompiler @D:\1st Folder\Pemrograman\React\udbmart\node_modules\react-native-safe-area-context\android\build\20230415_14794409818549418369.compiler.options
java_class_path (initial): C:\Users\Taufik Ridho\.gradle\caches\modules-2\files-2.1\org.jetbrains.kotlin\kotlin-compiler-embeddable\1.6.20\18f66cca4301c12893ebe4ef47d65c3d9d2bff9b\kotlin-compiler-embeddable-1.6.20.jar;C:\Users\Taufik Ridho\.gradle\caches\modules-2\files-2.1\org.jetbrains.kotlin\kotlin-reflect\1.6.20\669965154723f1a712e8677af0cc5470dfdab81c\kotlin-reflect-1.6.20.jar;C:\Users\Taufik Ridho\.gradle\caches\modules-2\files-2.1\org.jetbrains.kotlin\kotlin-stdlib\1.6.20\6cedc143badbb4f1c6b7f5a340b04edff1743208\kotlin-stdlib-1.6.20.jar;C:\Users\Taufik Ridho\.gradle\caches\modules-2\files-2.1\org.jetbrains.kotlin\kotlin-script-runtime\1.6.20\a115c367e0fd9c8909293b208689afca0c88a6f1\kotlin-script-runtime-1.6.20.jar;C:\Users\Taufik Ridho\.gradle\caches\modules-2\files-2.1\org.jetbrains.kotlin\kotlin-daemon-embeddable\1.6.20\d4cac343029f48f106c57f457384771165d7deb5\kotlin-daemon-embeddable-1.6.20.jar;C:\Users\Taufik Ridho\.gradle\caches\modules-2\files-2.1\org.jetbrains.intellij.deps\trove4j\1.0.20200330\3afb14d5f9ceb459d724e907a21145e8ff394f02\trove4j-1.0.20200330.jar;C:\Users\Taufik Ridho\.gradle\caches\modules-2\files-2.1\net.java.dev.jna\jna\5.6.0\330f2244e9030119ab3030fc3fededc86713d9cc\jna-5.6.0.jar;C:\Users\Taufik Ridho\.gradle\caches\modules-2\files-2.1\org.jetbrains.kotlin\kotlin-stdlib-common\1.6.20\27b4562b6713d70f458c6d7ea39aadacb8e6a92b\kotlin-stdlib-common-1.6.20.jar;C:\Users\Taufik Ridho\.gradle\caches\modules-2\files-2.1\org.jetbrains\annotations\13.0\919f0dfe192fb4e063e7dacadee7f8bb9a2672a9\annotations-13.0.jar
Launcher Type: SUN_STANDARD

[Global flags]
     intx CICompilerCount                          = 2                                         {product} {ergonomic}
     uint ConcGCThreads                            = 1                                         {product} {ergonomic}
     uint G1ConcRefinementThreads                  = 2                                         {product} {ergonomic}
   size_t G1HeapRegionSize                         = 1048576                                   {product} {ergonomic}
    uintx GCDrainStackTargetSize                   = 64                                        {product} {ergonomic}
   size_t InitialHeapSize                          = 58720256                                  {product} {ergonomic}
   size_t MarkStackSize                            = 4194304                                   {product} {ergonomic}
   size_t MaxHeapSize                              = 908066816                                 {product} {ergonomic}
   size_t MinHeapDeltaBytes                        = 1048576                                   {product} {ergonomic}
    uintx NonNMethodCodeHeapSize                   = 5825164                                {pd product} {ergonomic}
    uintx NonProfiledCodeHeapSize                  = 122916538                              {pd product} {ergonomic}
    uintx ProfiledCodeHeapSize                     = 122916538                              {pd product} {ergonomic}
    uintx ReservedCodeCacheSize                    = 251658240                              {pd product} {ergonomic}
     bool SegmentedCodeCache                       = true                                      {product} {ergonomic}
     bool UseCompressedClassPointers               = true                                 {lp64_product} {ergonomic}
     bool UseCompressedOops                        = true                                 {lp64_product} {ergonomic}
     bool UseG1GC                                  = true                                      {product} {ergonomic}
     bool UseLargePagesIndividualAllocation        = false                                  {pd product} {ergonomic}

Logging:
Log output configuration:
 #0: stdout all=warning uptime,level,tags
 #1: stderr all=off uptime,level,tags

Environment Variables:
JAVA_HOME=C:\Program Files\BellSoft\LibericaJDK-11\
CLASSPATH=D:\1st Folder\Pemrograman\React\udbmart\android\\gradle\wrapper\gradle-wrapper.jar
PATH=D:\1st Folder\Pemrograman\React\udbmart\android\node_modules\.bin;D:\1st Folder\Pemrograman\React\udbmart\node_modules\.bin;D:\1st Folder\Pemrograman\React\node_modules\.bin;D:\1st Folder\Pemrograman\node_modules\.bin;D:\1st Folder\node_modules\.bin;D:\node_modules\.bin;C:\Program Files (x86)\nodejs;D:\1st Folder\Pemrograman\React\udbmart\node_modules\.bin;D:\1st Folder\Pemrograman\React\udbmart\node_modules\.bin;D:\1st Folder\Pemrograman\React\node_modules\.bin;D:\1st Folder\Pemrograman\node_modules\.bin;D:\1st Folder\node_modules\.bin;D:\node_modules\.bin;C:\Program Files (x86)\nodejs\node_modules\npm\node_modules\@npmcli\run-script\lib\node-gyp-bin;C:\Users\Taufik Ridho\bin;C:\Program Files\Git\mingw64\bin;C:\Program Files\Git\usr\local\bin;C:\Program Files\Git\usr\bin;C:\Program Files\Git\usr\bin;C:\Program Files\Git\mingw64\bin;C:\Program Files\Git\usr\bin;C:\Users\Taufik Ridho\bin;C:\Program Files\Common Files\Oracle\Java\javapath;C:\Program Files (x86)\Java\jdk-11.0.2;C:\Program Files\Eclipse Adoptium\jdk-8.0.362.9-hotspot\bin;C:\Program Files\BellSoft\LibericaJDK-11\bin;C:\Program Files (x86)\Common Files\Oracle\Java\javapath;C:\WINDOWS\system32;C:\WINDOWS;C:\WINDOWS\System32\Wbem;C:\WINDOWS\System32\WindowsPowerShell\v1.0;C:\WINDOWS\System32\OpenSSH;D:\1st Folder\Pemrograman\php-8.1.13-Win32-vs16-x64;C:\xampp\php;C:\composer;C:\Program Files\mingw-w64\x86_64-8.1.0-posix-seh-rt_v6-rev0\mingw64\bin;C:\Program Files\Git\cmd;C:\ProgramData\chocolatey\bin;C:\Program Files\Microsoft\Web Platform Installer;C:\Program Files (x86)\Microsoft ASP.NET\ASP.NET Web Pages\v1.0;C:\Program Files\Microsoft SQL Server\110\Tools\Binn;C:\Program Files\Java\jre6\bin;C:\Program Files (x86)\nodejs;D:\1st Folder\Android\Sdk\platform-tools;C:\Program Files (x86)\Windows Kits\8.0\Windows Performance Toolkit;C:\Users\Taufik Ridho\AppData\Local\Microsoft\WindowsApps;C:\Users\Taufik Ridho\AppData\Roaming\Composer\vendor\bin;C:\Users\Taufik Ridho\AppData\Local\Programs\Microsoft VS Cod
USERNAME=Taufik Ridho
SHELL=C:\Program Files\Git\usr\bin\bash.exe
DISPLAY=needs-to-be-defined
LANG=en_US.UTF-8
TERM=xterm-256color
TMPDIR=C:\Users\TAUFIK~1\AppData\Local\Temp
OS=Windows_NT
PROCESSOR_IDENTIFIER=AMD64 Family 23 Model 24 Stepping 1, AuthenticAMD
TMP=C:\Users\TAUFIK~1\AppData\Local\Temp
TEMP=C:\Users\TAUFIK~1\AppData\Local\Temp



---------------  S Y S T E M  ---------------

OS: Windows 10 , 64 bit Build 19041 (10.0.19041.2788)
OS uptime: 1 days 5:27 hours
Hyper-V role detected

CPU:total 2 (initial active 2) (2 cores per cpu, 1 threads per core) family 23 model 24 stepping 1 microcode 0x0, cmov, cx8, fxsr, mmx, sse, sse2, sse3, ssse3, sse4.1, sse4.2, popcnt, avx, avx2, aes, clmul, mmxext, 3dnowpref, lzcnt, sse4a, tsc, tscinvbit, tscinv, bmi1, bmi2, adx, sha, fma

Memory: 4k page, system-wide physical 3460M (228M free)
TotalPageFile size 14212M (AvailPageFile size 89M)
current process WorkingSet (physical memory assigned to process): 9M, peak: 9M
current process commit charge ("private bytes"): 47M, peak: 103M

vm_info: OpenJDK 64-Bit Server VM (11.0.18+10-LTS) for windows-amd64 JRE (11.0.18+10-LTS), built on Jan 12 2023 12:10:51 by "" with MS VC++ 15.9 (VS2017)

END.
